ocr_ui/build/intermediates/manifest_merge_blame_file/release/manifest-merger-blame-release-report.txt
1<?xml version="1.0" encoding="utf-8"?>
2<!--   ~ Copyright (C) 2017 Baidu, Inc. All Rights Reserved. -->
3<manifest xmlns:android="http://schemas.android.com/apk/res/android"
4    package="com.baidu.ocr.ui"
5    android:versionCode="1"
6    android:versionName="1.0" > <!-- <application android:allowBackup="true" -->
7    <!-- android:label="@string/app_name" -->
8    <!-- android:supportsRtl="true" -->
9    <!-- android:vmSafeMode="true"> -->
10    <!-- &lt;!&ndash;        android:theme="@style/AppTheme"&ndash;&gt; -->
11    <!-- <activity android:name="com.baidu.ocr.ui.camera.CameraActivity" -->
12    <!-- android:configChanges="screenSize|orientation" -->
13    <!-- android:theme="@android:style/Theme.Holo.NoActionBar.Fullscreen"/> -->
14    <!-- </application> -->
15    <uses-sdk
16        android:minSdkVersion="14"
16-->src\main\AndroidManifest.xml
17        android:targetSdkVersion="25" />
17-->src\main\AndroidManifest.xml
18
19    <uses-permission android:name="android.permission.CAMERA" />
19-->src\main\AndroidManifest.xml:7:5-64
19-->src\main\AndroidManifest.xml:7:22-62
20    <uses-permission android:name="android.permission.READ_EXTERNAL_STORAGE" />
20-->src\main\AndroidManifest.xml:8:5-79
20-->src\main\AndroidManifest.xml:8:22-77
21    <uses-permission android:name="android.permission.WRITE_EXTERNAL_STORAGE" />
21-->src\main\AndroidManifest.xml:9:5-80
21-->src\main\AndroidManifest.xml:9:22-78
22
23    <uses-feature android:name="android.hardware.camera2.full" />
23-->src\main\AndroidManifest.xml:10:5-65
23-->src\main\AndroidManifest.xml:10:19-63
24    <uses-feature android:name="android.hardware.camera" />
24-->src\main\AndroidManifest.xml:11:5-59
24-->src\main\AndroidManifest.xml:11:19-57
25    <uses-feature android:name="android.hardware.camera.autofocus" />
25-->src\main\AndroidManifest.xml:12:5-70
25-->src\main\AndroidManifest.xml:12:19-67
26    <uses-feature android:name="android.permission.READ_PHONE_STATE" />
26-->src\main\AndroidManifest.xml:13:5-72
26-->src\main\AndroidManifest.xml:13:19-69
27
28</manifest>